-0.12482995926814461
0.29848243283821696
-0.31342903693985064
0.10247194447881064
0.10182630588979935
0.6955869273393781
-0.31769412975913763
-0.2840740745456427
0.4820487216897137
0.17297632417840544
-0.1564254963554553
-0.1893659512461169
0.233896425768537
-0.2562642592916075
-0.24634622355746003
-0.1441434451969254
-0.2250796528954133
-0.25267005549675375
0.13773932400306688
0.06378656229243304
-0.7004205832173361
0.1571153996897084
0.5540145447899805
0.17957182379918463
-0.05517948359745493
0.28574841046598026
0.4155152828234456
0.19393794825287916
0.34796010553929607
-0.11931837838809342
0.2630149730318283
-0.009770764219443897
-0.1736784199829176
-0.27302557766812846
-0.3148804461041491
0.03352586077183695
0.14222369136628077
-0.09336704231948571
-0.03694843956039661
0.09463624163875621
0.08348745915677999
0.07325645029973299
-0.08660609439858437
0.08948801249126288
-0.07595954323976441
-0.05647656587063182
-0.07532202195114378
