0 -28.96475 0.2658493716169842
1 -30.01341800115237 0.2392694676989053
2 -31.886179310364536 0.19180180814826148
3 -32.931061973809584 0.16531784871637611
4 -33.45042006868978 0.15215401779388923
5 -34.290853596563664 0.1308520972662559
6 -35.69180714068613 0.09534304143967633
7 -36.013528480505116 0.08718858045546848
8 -36.97008559828307 0.06294335102656155
9 -37.12899383165319 0.05891560767010557
10 -37.50635914783861 0.04935077510612762
11 -37.58309283228348 0.047405856449714436
12 -37.78373496231125 0.042320311232165626
13 -37.85997300471112 0.040387955291425345
14 -38.22371846042009 0.03116833644851445
15 -38.290656635512974 0.02947169817933364
16 -38.50321718807433 0.02408406447863327
17 -38.53112077040055 0.023376810575218603
18 -38.69805069464853 0.019145746651567118
19 -38.722645894160735 0.018522348169719653
20 -38.786056397560095 0.016915123494322008
21 -38.810473372050275 0.016296242365875274
22 -38.97396855566919 0.01215223657292275
23 -39.02696661904841 0.010808929224061195
24 -39.04509207570728 0.010349515094961513
25 -39.07042792856062 0.009707343755906353
26 -39.09777736221411 0.009014135497501569
27 -39.13620681452668 0.008040089232172552
28 -39.17412679900924 0.007078956115672565
29 -39.20817353755613 0.00621599563789898
30 -39.21906099653753 0.005940038315543715
31 -39.24011572225956 0.005406377913874055
32 -39.25975339971294 0.004908634510517105
33 -39.27335820546612 0.004563802371702772
34 -39.309523003305344 0.003647156826375668
35 -39.36650990015925 0.002202747116818573
36 -39.3740267823506 0.0020122216061803622
37 -39.397047327230474 0.0014287348683600409
38 -39.40833416318966 0.0011426547982095947
39 -39.41344239082369 0.0010131798837895367
40 -39.418243755138214 0.0008914828338027928
41 -39.423036634805605 0.0007700008386335042
42 -39.42736462578143 0.0006603020739441062
43 -39.43442921715774 0.0004812404836252043
44 -39.44472696853667 0.00022023009528170537
45 -39.448620949112424 0.00012153190915543858
46 -39.450235077577105 8.06196476432132e-05
47 -39.45251271631497 2.288982395636938e-05
